{
  "stats": {
    "suites": 1,
    "tests": 2,
    "passes": 2,
    "pending": 0,
    "failures": 0,
    "start": "2021-10-11T20:07:54.133Z",
    "end": "2021-10-11T20:07:56.351Z",
    "duration": 2218,
    "testsRegistered": 2,
    "passPercent": 100,
    "pendingPercent": 0,
    "other": 0,
    "hasOther": false,
    "skipped": 0,
    "hasSkipped": false
  },
  "results": [
    {
      "uuid": "0706f2de-f641-4a6b-a6df-19789dac7bdc",
      "title": "",
      "fullFile": "cypress/integration/listagem.spec.js",
      "file": "cypress/integration/listagem.spec.js",
      "beforeHooks": [],
      "afterHooks": [],
      "tests": [],
      "suites": [
        {
          "uuid": "ce83f91b-f21f-4d06-879a-69805bb91670",
          "title": "Listagem",
          "fullFile": "",
          "file": "",
          "beforeHooks": [],
          "afterHooks": [],
          "tests": [
            {
              "title": "Quando não houver cadastros, então a listagem deve estar vazia",
              "fullTitle": "Listagem Quando não houver cadastros, então a listagem deve estar vazia",
              "timedOut": null,
              "duration": 608,
              "state": "passed",
              "speed": "slow",
              "pass": true,
              "fail": false,
              "pending": false,
              "context": null,
              "code": "cy.fixture('listagem-vazia').then(data => {\n  window.localStorage.setItem('data', JSON.stringify(data));\n});\ncy.visit('https://form-agilizei.netlify.app/listagem');\ncy.get('table tbody tr').should('have.length', 0);",
              "err": {},
              "uuid": "9b200821-bfe1-4dcf-a3ff-95a61d58000f",
              "parentUUID": "ce83f91b-f21f-4d06-879a-69805bb91670",
              "isHook": false,
              "skipped": false
            },
            {
              "title": "Quando houver um ou mais cadastros, então a listagem deve exibir cada registro",
              "fullTitle": "Listagem Quando houver um ou mais cadastros, então a listagem deve exibir cada registro",
              "timedOut": null,
              "duration": 250,
              "state": "passed",
              "speed": "slow",
              "pass": true,
              "fail": false,
              "pending": false,
              "context": null,
              "code": "cy.fixture('listagem-com-itens').then(data => {\n  window.localStorage.setItem('data', JSON.stringify(data));\n});\ncy.visit('https://form-agilizei.netlify.app/listagem');\ncy.get('table tbody tr').should('have.length', 2);",
              "err": {},
              "uuid": "3a61cf00-e90d-486b-a6cf-09674a7c2572",
              "parentUUID": "ce83f91b-f21f-4d06-879a-69805bb91670",
              "isHook": false,
              "skipped": false
            }
          ],
          "suites": [],
          "passes": [
            "9b200821-bfe1-4dcf-a3ff-95a61d58000f",
            "3a61cf00-e90d-486b-a6cf-09674a7c2572"
          ],
          "failures": [],
          "pending": [],
          "skipped": [],
          "duration": 858,
          "root": false,
          "rootEmpty": false,
          "_timeout": 2000
        }
      ],
      "passes": [],
      "failures": [],
      "pending": [],
      "skipped": [],
      "duration": 0,
      "root": true,
      "rootEmpty": true,
      "_timeout": 2000
    }
  ],
  "meta": {
    "mocha": {
      "version": "7.0.1"
    },
    "mochawesome": {
      "options": {
        "quiet": true,
        "reportFilename": "mochawesome",
        "saveHtml": false,
        "saveJson": true,
        "consoleReporter": "spec",
        "useInlineDiffs": false,
        "code": true
      },
      "version": "6.3.1"
    },
    "marge": {
      "options": {
        "id": "default",
        "reportDir": "mochawesome-report",
        "quiet": true,
        "overwrite": false,
        "html": false,
        "json": true
      },
      "version": "5.2.0"
    }
  }
}