{
  "stats": {
    "suites": 1,
    "tests": 1,
    "passes": 1,
    "pending": 0,
    "failures": 0,
    "start": "2021-10-11T20:07:45.327Z",
    "end": "2021-10-11T20:07:52.627Z",
    "duration": 7300,
    "testsRegistered": 1,
    "passPercent": 100,
    "pendingPercent": 0,
    "other": 0,
    "hasOther": false,
    "skipped": 0,
    "hasSkipped": false
  },
  "results": [
    {
      "uuid": "c4ca8ec5-0917-4147-82b7-f1fc85b1adc9",
      "title": "",
      "fullFile": "cypress/integration/cadastro.spec.js",
      "file": "cypress/integration/cadastro.spec.js",
      "beforeHooks": [],
      "afterHooks": [],
      "tests": [],
      "suites": [
        {
          "uuid": "9b1def7d-e439-418f-96a8-dc5f81be8fd1",
          "title": "Cadastro",
          "fullFile": "",
          "file": "",
          "beforeHooks": [],
          "afterHooks": [],
          "tests": [
            {
              "title": "Quando eu informar os dados e finalizar, então o cadastro deve ser efetuado",
              "fullTitle": "Cadastro Quando eu informar os dados e finalizar, então o cadastro deve ser efetuado",
              "timedOut": null,
              "duration": 4792,
              "state": "passed",
              "speed": "slow",
              "pass": true,
              "fail": false,
              "pending": false,
              "context": null,
              "code": "cy.visit('https://form-agilizei.netlify.app');\ncy.get('input[name=firstName]').type(chance.first());\ncy.get('input[name=lastName]').type(chance.last());\ncy.get('textarea[name=adress]').type(chance.address());\ncy.get('input[name=emailAdress]').type(chance.email());\ncy.get('[type=\"radio\"]').first().check();\ncy.get('#checkbox3').check();\ncy.get('select#countries').select('Japão', {\n  force: true\n});\ncy.get('select#years').select('1987', {\n  force: true\n});\ncy.get('select#months').select('Junho', {\n  force: true\n});\ncy.get('select#days').select('3', {\n  force: true\n});\ncy.get('#firstpassword').type('Mack1234');\ncy.get('#secondpassword').type('Mack1234');\ncy.get('#submitbtn').click();\ncy.url().should('contain', 'listagem');",
              "err": {},
              "uuid": "54b698c0-0f06-47d3-8e39-71b8b696c5b7",
              "parentUUID": "9b1def7d-e439-418f-96a8-dc5f81be8fd1",
              "isHook": false,
              "skipped": false
            }
          ],
          "suites": [],
          "passes": [
            "54b698c0-0f06-47d3-8e39-71b8b696c5b7"
          ],
          "failures": [],
          "pending": [],
          "skipped": [],
          "duration": 4792,
          "root": false,
          "rootEmpty": false,
          "_timeout": 2000
        }
      ],
      "passes": [],
      "failures": [],
      "pending": [],
      "skipped": [],
      "duration": 0,
      "root": true,
      "rootEmpty": true,
      "_timeout": 2000
    }
  ],
  "meta": {
    "mocha": {
      "version": "7.0.1"
    },
    "mochawesome": {
      "options": {
        "quiet": true,
        "reportFilename": "mochawesome",
        "saveHtml": false,
        "saveJson": true,
        "consoleReporter": "spec",
        "useInlineDiffs": false,
        "code": true
      },
      "version": "6.3.1"
    },
    "marge": {
      "options": {
        "id": "default",
        "reportDir": "mochawesome-report",
        "quiet": true,
        "overwrite": false,
        "html": false,
        "json": true
      },
      "version": "5.2.0"
    }
  }
}